<?xml version="1.0" encoding="UTF-8"?>
<!-- Generated by org.testng.reporters.JUnitReportReporter -->
<testsuite hostname="Bala" failures="0" tests="1" name="mavenforjenkins.UITest" time="9.195" errors="0" timestamp="2022-02-16T08:23:43 SGT" skipped="0">
  <testcase classname="mavenforjenkins.UITest" name="startBrowser" time="9.195"/>
  <system-out/>
</testsuite> <!-- mavenforjenkins.UITest -->
